　えーと，特に必要はないでしょうが，補足説明です．

　＜＜バージョンアップの内容＞＞

　◎　南半球に対応しました
　　
　　……といっても，引数のチェック範囲を広げて，緯度表示に「南緯」
　　も使えるようにしただけです．
　　でも，これで，南半球の方々にも安心して使っていただけます．
　
　◎　グラフィック関係の関数を“全とっかえ”しました．
　　
　　前バージョンで「エプソン機で誤動作を起こす」というバグレポートを
　　いただいたのですが，結局原因がつかめなかったので，原因を全てＭＳ
　　のグラフィックライブラリのせいにして，そのへんを全部書き直しまし
　　た．
　　G_LIO というものを使ったためか，ＭＳライブラリ使用時よりも若干動
　　作速度が落ちましたが，これでエプソン機でも動くようになりました．


　……と，バージョンアップと云っても，たいしたことはやってません．
　ごめんなさい．

         CP NET        : UME
         NEMUKO NET    : UME
         ASCII NET PCS : pcs33097 (UME20)
         NIFTY Serve   : NBD00756 (UME20 | JF8ERQ)
